Start testing: Apr 11 21:15 MSK
----------------------------------------------------------
Unable to find executable: /home/anastas/git/TarantoolWorks/PrintTarantool/build/PrintMsgPuckTest.test
1/1 Testing: PrintMsgPuckTest.test
1/1 Test: PrintMsgPuckTest.test
Command: ""
Directory: /home/anastas/git/TarantoolWorks/PrintTarantool/build
"PrintMsgPuckTest.test" start time: 
Output:
----------------------------------------------------------
<end of output>
Test time =   0.00 sec
----------------------------------------------------------
Test Passed.
"PrintMsgPuckTest.test" end time: Apr 11 21:15 MSK
"PrintMsgPuckTest.test" time elapsed: 00:00:00
----------------------------------------------------------

End testing: Apr 11 21:15 MSK
